        -:    0:Source:cardtest4.c
        -:    0:Graph:cardtest4.gcno
        -:    0:Data:cardtest4.gcda
        -:    0:Runs:1
        -:    0:Programs:1
        -:    1:/*
        -:    2: * cardtest4.c
        -:    3: *
        -:    4: 
        -:    5: */
        -:    6:
        -:    7:/*
        -:    8: * Include the following lines in your makefile:
        -:    9: *
        -:   10: * cardtest4: cardtest4.c dominion.o rngs.o
        -:   11: *      gcc -o cardtest4 -g  cardtest4.c dominion.o rngs.o $(CFLAGS)
        -:   12: */
        -:   13:
        -:   14:
        -:   15:#include "dominion.h"
        -:   16:#include "dominion_helpers.h"
        -:   17:#include <string.h>
        -:   18:#include <stdio.h>
        -:   19:#include <assert.h>
        -:   20:#include "rngs.h"
        -:   21:#include <stdlib.h>
        -:   22:
        -:   23:#define TESTCARD "great_hall"
        -:   24:
        -:   25:
        -:   26:void customAssert(int a, int b);
        -:   27:
        -:   28:
        1:   29:int main() {
        1:   30:    int newCards = 0;
        1:   31:    int discarded = 1;
        1:   32:    int xtraCoins = 0;
        1:   33:    int xtraActions = 1;
        1:   34:    int shuffledCards = 0;
        -:   35:
        -:   36:    int i, j, m;
        1:   37:    int handpos = 0, choice1 = 0, choice2 = 0, choice3 = 0, bonus = 0;
        -:   38:    int remove1, remove2;
        1:   39:    int seed = 1000;
        1:   40:    int numPlayers = 2;
        1:   41:    int thisPlayer = 0;
        -:   42:	struct gameState G, testG;
        1:   43:	int k[10] = {adventurer, embargo, village, minion, mine, cutpurse,
        -:   44:			sea_hag, tribute, smithy, council_room};
        -:   45:
        -:   46:	// initialize a game state and player cards
        1:   47:	initializeGame(numPlayers, k, seed, &G);
        -:   48:
        1:   49:	printf("----------------- Testing Card: %s ----------------\n", TESTCARD);
        -:   50:
        -:   51:	// ----------- TEST 1: +1 cards and +1 action--------------
        1:   52:	printf("TEST 1:  +1 cards, and +1 actions\n");
        -:   53:
        -:   54:	// copy the game state to a test case
        1:   55:	memcpy(&testG, &G, sizeof(struct gameState));
        -:   56:	//choice1 = 1;
        1:   57:	cardEffect(great_hall, choice1, choice2, choice3, &testG, handpos, &bonus);
        -:   58:
        1:   59:	newCards = 1;
        1:   60:	xtraCoins = 0;
        1:   61:	xtraActions = 1;
        1:   62:	printf("hand count = %d, expected = %d\n", testG.handCount[thisPlayer], G.handCount[thisPlayer] + newCards - discarded);
        1:   63:	printf("deck count = %d, expected = %d\n", testG.deckCount[thisPlayer], G.deckCount[thisPlayer] - newCards + shuffledCards);
        -:   64:	
        1:   65:	printf("coins = %d, expected = %d\n", testG.coins, G.coins + xtraCoins);
        -:   66:	
        1:   67:	printf("actions = %d, expected = %d\n", testG.numActions, G.numActions + xtraActions);
        -:   68:	
        -:   69:
        1:   70:	customAssert(testG.handCount[thisPlayer], G.handCount[thisPlayer] + newCards - discarded);
        1:   71:	customAssert(testG.deckCount[thisPlayer], G.deckCount[thisPlayer] - newCards + shuffledCards);
        1:   72:	customAssert(testG.coins, G.coins + xtraCoins);
        1:   73:	customAssert(testG.numActions, G.numActions + xtraActions);
        -:   74:
        1:   75:	return 0;
        -:   76:}
        -:   77:
        -:   78:
        4:   79:void customAssert(int a, int b){
        -:   80:
        4:   81:	if(a == b)
        -:   82:	{
        4:   83:		printf("test success\n");
        -:   84:	}
        -:   85:	else
        -:   86:	{
    #####:   87:		printf("test failed\n");
        -:   88:	}
        4:   89:}
