        -:    0:Source:cardtest3.c
        -:    0:Graph:cardtest3.gcno
        -:    0:Data:cardtest3.gcda
        -:    0:Runs:1
        -:    0:Programs:1
        -:    1:/*
        -:    2: * cardtest3.c
        -:    3: *
        -:    4: 
        -:    5: */
        -:    6:
        -:    7:/*
        -:    8: * Include the following lines in your makefile:
        -:    9: *
        -:   10: * cardtest3: cardtest3.c dominion.o rngs.o
        -:   11: *      gcc -o cardtest_3 -g  cardtest3.c dominion.o rngs.o $(CFLAGS)
        -:   12: */
        -:   13:
        -:   14:
        -:   15:#include "dominion.h"
        -:   16:#include "dominion_helpers.h"
        -:   17:#include <string.h>
        -:   18:#include <stdio.h>
        -:   19:#include <assert.h>
        -:   20:#include "rngs.h"
        -:   21:#include <stdlib.h>
        -:   22:
        -:   23:#define TESTCARD "village"
        -:   24:
        -:   25:void customAssert(int a, int b);
        -:   26:
        1:   27:int main() {
        1:   28:    int newCards = 0;
        1:   29:    int discarded = 1;
        1:   30:    int xtraCoins = 0;
        1:   31:    int xtraActions = 0;
        1:   32:    int shuffledCards = 0;
        -:   33:
        -:   34:    int i, j, m;
        1:   35:    int handpos = 0, choice1 = 0, choice2 = 0, choice3 = 0, bonus = 0;
        -:   36:    int remove1, remove2;
        1:   37:    int seed = 1000;
        1:   38:    int numPlayers = 2;
        1:   39:    int thisPlayer = 0;
        -:   40:	struct gameState G, testG;
        1:   41:	int k[10] = {adventurer, embargo, village, minion, mine, cutpurse,
        -:   42:			sea_hag, tribute, smithy, council_room};
        -:   43:
        -:   44:	// initialize a game state and player cards
        1:   45:	initializeGame(numPlayers, k, seed, &G);
        -:   46:
        1:   47:	printf("----------------- Testing Card: %s ----------------\n", TESTCARD);
        -:   48:
        -:   49:	// ----------- TEST 1: +1 cards and +2 action--------------
        1:   50:	printf("TEST 1:  +1 cards, and +2 actions\n");
        -:   51:
        -:   52:	// copy the game state to a test case
        1:   53:	memcpy(&testG, &G, sizeof(struct gameState));
        -:   54:	//choice1 = 1;
        1:   55:	cardEffect(village, choice1, choice2, choice3, &testG, handpos, &bonus);
        -:   56:
        1:   57:	newCards = 1;
        1:   58:	xtraCoins = 0;
        1:   59:	xtraActions = 2;
        1:   60:	printf("hand count = %d, expected = %d\n", testG.handCount[thisPlayer], G.handCount[thisPlayer] + newCards - discarded);
        1:   61:	printf("deck count = %d, expected = %d\n", testG.deckCount[thisPlayer], G.deckCount[thisPlayer] - newCards + shuffledCards);
        -:   62:	
        1:   63:	printf("coins = %d, expected = %d\n", testG.coins, G.coins + xtraCoins);
        -:   64:	
        1:   65:	printf("actions = %d, expected = %d\n", testG.numActions, G.numActions + xtraActions);
        -:   66:	
        1:   67:	customAssert(testG.handCount[thisPlayer], G.handCount[thisPlayer] + newCards - discarded);
        1:   68:	customAssert(testG.deckCount[thisPlayer], G.deckCount[thisPlayer] - newCards + shuffledCards);
        1:   69:	customAssert(testG.coins, G.coins + xtraCoins);
        1:   70:	customAssert(testG.numActions, G.numActions + xtraActions);
        -:   71:
        1:   72:	return 0;
        -:   73:}
        -:   74:
        -:   75:
        4:   76:void customAssert(int a, int b){
        -:   77:
        4:   78:	if(a == b)
        -:   79:	{
        3:   80:		printf("test success\n");
        -:   81:	}
        -:   82:	else
        -:   83:	{
        1:   84:		printf("test failed\n");
        -:   85:	}
        4:   86:}
        -:   87:
        -:   88:
